<?xml version="1.0" encoding="UTF-8"?>
<testng-results ignored="0" total="1" passed="0" failed="1" skipped="0">
  <reporter-output>
  </reporter-output>
  <suite started-at="2024-04-17T15:04:27 IST" name="Default suite" finished-at="2024-04-17T15:04:40 IST" duration-ms="12726">
    <groups>
      <group name="cucumber">
        <method signature="AbstractTestNGCucumberTests.runScenario(io.cucumber.testng.PickleWrapper,io.cucumber.testng.FeatureWrapper)[pri:0, instance:MbTestRunner.TestRunner@6cb107fd]" name="runScenario" class="io.cucumber.testng.AbstractTestNGCucumberTests"/>
      </group> <!-- cucumber -->
    </groups>
    <test started-at="2024-04-17T15:04:27 IST" name="Default test" finished-at="2024-04-17T15:04:40 IST" duration-ms="12726">
      <class name="MbTestRunner.TestRunner">
        <test-method is-config="true" signature="setUpClass(org.testng.ITestContext)[pri:0, instance:MbTestRunner.TestRunner@6cb107fd]" started-at="2024-04-17T15:04:27 IST" name="setUpClass" finished-at="2024-04-17T15:04:28 IST" duration-ms="734" status="PASS">
          <params>
            <param index="0">
              <value>
                <![CDATA[org.testng.TestRunner@6ce26986]]>
              </value>
            </param>
          </params>
          <reporter-output>
          </reporter-output>
        </test-method> <!-- setUpClass -->
        <test-method signature="runScenario(io.cucumber.testng.PickleWrapper,io.cucumber.testng.FeatureWrapper)[pri:0, instance:MbTestRunner.TestRunner@6cb107fd]" started-at="2024-04-17T15:04:28 IST" name="runScenario" description="Runs Cucumber Scenarios" data-provider="scenarios" finished-at="2024-04-17T15:04:40 IST" duration-ms="11591" status="FAIL">
          <params>
            <param index="0">
              <value>
                <![CDATA["Validate Vastu Consultant Report Functionality"]]>
              </value>
            </param>
            <param index="1">
              <value>
                <![CDATA["Vastu Functionality Validation"]]>
              </value>
            </param>
          </params>
          <exception class="java.lang.AssertionError">
            <message>
              <![CDATA[expected [true] but found [false]]]>
            </message>
            <full-stacktrace>
              <![CDATA[java.lang.AssertionError: expected [true] but found [false]
at org.testng.Assert.fail(Assert.java:111)
at org.testng.Assert.failNotEquals(Assert.java:1578)
at org.testng.Assert.assertTrue(Assert.java:57)
at org.testng.Assert.assertTrue(Assert.java:67)
at MbStepDefinition.DefectStep_Definition.report_will_be_open_on_another_page(DefectStep_Definition.java:44)
at âœ½.Report will be open on another page(file:///C:/Users/RSHARM31/.eclipse/Homeloans/src/test/resource/MbFeatures/Defect.feature:8)
]]>
            </full-stacktrace>
          </exception> <!-- java.lang.AssertionError -->
          <reporter-output>
          </reporter-output>
        </test-method> <!-- runScenario -->
        <test-method is-config="true" signature="tearDownClass()[pri:0, instance:MbTestRunner.TestRunner@6cb107fd]" started-at="2024-04-17T15:04:40 IST" name="tearDownClass" finished-at="2024-04-17T15:04:40 IST" duration-ms="356" status="PASS">
          <reporter-output>
          </reporter-output>
        </test-method> <!-- tearDownClass -->
      </class> <!-- MbTestRunner.TestRunner -->
    </test> <!-- Default test -->
  </suite> <!-- Default suite -->
</testng-results>
