<?xml version="1.0" encoding="UTF-8"?>
<testsuite name="Cucumber" time="11.677" tests="1" skipped="0" failures="1" errors="0">
<testcase classname="Vastu Functionality Validation" name="Validate Vastu Consultant Report Functionality" time="11.514">
<failure type="java.lang.AssertionError" message="expected [true] but found [false]">
<![CDATA[java.lang.AssertionError: expected [true] but found [false]
	at org.testng.Assert.fail(Assert.java:111)
	at org.testng.Assert.failNotEquals(Assert.java:1578)
	at org.testng.Assert.assertTrue(Assert.java:57)
	at org.testng.Assert.assertTrue(Assert.java:67)
	at MbStepDefinition.DefectStep_Definition.report_will_be_open_on_another_page(DefectStep_Definition.java:44)
	at âœ½.Report will be open on another page(file:///C:/Users/RSHARM31/.eclipse/Homeloans/src/test/resource/MbFeatures/Defect.feature:8)
]]>
</failure>
<system-out><![CDATA[
Given User is on website homepage...........................................passed
When User naviagate to the vastu page by clicking on the Property services option.passed
And Click on sample report option of desired vastu consultant...............passed
Then Report will be open on another page....................................failed
]]></system-out>
</testcase>
</testsuite>
